2017-07-29 11:17:35,023 ERROR c.c.d.collector.DefaultHudsonClient - Parsing jobs on instance: http://server/job/job2/2/
org.json.simple.parser.ParseException: null
	at org.json.simple.parser.JSONParser.parse(JSONParser.java:257) ~[json-simple-1.1.1.jar:na]
	at org.json.simple.parser.JSONParser.parse(JSONParser.java:81) ~[json-simple-1.1.1.jar:na]
	at org.json.simple.parser.JSONParser.parse(JSONParser.java:75) ~[json-simple-1.1.1.jar:na]
	at com.capitalone.dashboard.collector.DefaultHudsonClient.getInstanceJobs(DefaultHudsonClient.java:103) ~[classes/:na]
	at com.capitalone.dashboard.collector.DefaultHudsonClientTests.instanceJobs_emptyResponse_returnsEmptyMap(DefaultHudsonClientTests.java:178) [test-classes/:na]
	at sun.reflect.NativeMethodAccessorImpl.invoke0(Native Method) ~[na:1.8.0_131]
	at sun.reflect.NativeMethodAccessorImpl.invoke(NativeMethodAccessorImpl.java:62) ~[na:1.8.0_131]
	at sun.reflect.DelegatingMethodAccessorImpl.invoke(DelegatingMethodAccessorImpl.java:43) ~[na:1.8.0_131]
	at java.lang.reflect.Method.invoke(Method.java:498) ~[na:1.8.0_131]
	at org.junit.runners.model.FrameworkMethod$1.runReflectiveCall(FrameworkMethod.java:50) [junit-4.12.jar:4.12]
	at org.junit.internal.runners.model.ReflectiveCallable.run(ReflectiveCallable.java:12) [junit-4.12.jar:4.12]
	at org.junit.runners.model.FrameworkMethod.invokeExplosively(FrameworkMethod.java:47) [junit-4.12.jar:4.12]
	at org.junit.internal.runners.statements.InvokeMethod.evaluate(InvokeMethod.java:17) [junit-4.12.jar:4.12]
	at org.junit.internal.runners.statements.RunBefores.evaluate(RunBefores.java:26) [junit-4.12.jar:4.12]
	at org.junit.runners.ParentRunner.runLeaf(ParentRunner.java:325) [junit-4.12.jar:4.12]
	at org.junit.runners.BlockJUnit4ClassRunner.runChild(BlockJUnit4ClassRunner.java:78) [junit-4.12.jar:4.12]
	at org.junit.runners.BlockJUnit4ClassRunner.runChild(BlockJUnit4ClassRunner.java:57) [junit-4.12.jar:4.12]
	at org.junit.runners.ParentRunner$3.run(ParentRunner.java:290) [junit-4.12.jar:4.12]
	at org.junit.runners.ParentRunner$1.schedule(ParentRunner.java:71) [junit-4.12.jar:4.12]
	at org.junit.runners.ParentRunner.runChildren(ParentRunner.java:288) [junit-4.12.jar:4.12]
	at org.junit.runners.ParentRunner.access$000(ParentRunner.java:58) [junit-4.12.jar:4.12]
	at org.junit.runners.ParentRunner$2.evaluate(ParentRunner.java:268) [junit-4.12.jar:4.12]
	at org.junit.runners.ParentRunner.run(ParentRunner.java:363) [junit-4.12.jar:4.12]
	at org.mockito.internal.runners.JUnit45AndHigherRunnerImpl.run(JUnit45AndHigherRunnerImpl.java:37) [mockito-core-1.10.19.jar:na]
	at org.mockito.runners.MockitoJUnitRunner.run(MockitoJUnitRunner.java:62) [mockito-core-1.10.19.jar:na]
	at org.apache.maven.surefire.junit4.JUnit4Provider.execute(JUnit4Provider.java:264) [surefire-junit4-2.17.jar:2.17]
	at org.apache.maven.surefire.junit4.JUnit4Provider.executeTestSet(JUnit4Provider.java:153) [surefire-junit4-2.17.jar:2.17]
	at org.apache.maven.surefire.junit4.JUnit4Provider.invoke(JUnit4Provider.java:124) [surefire-junit4-2.17.jar:2.17]
	at org.apache.maven.surefire.booter.ForkedBooter.invokeProviderInSameClassLoader(ForkedBooter.java:200) [surefire-booter-2.17.jar:2.17]
	at org.apache.maven.surefire.booter.ForkedBooter.runSuitesInProcess(ForkedBooter.java:153) [surefire-booter-2.17.jar:2.17]
	at org.apache.maven.surefire.booter.ForkedBooter.main(ForkedBooter.java:103) [surefire-booter-2.17.jar:2.17]
2017-07-29 11:17:35,313 INFO  c.c.d.collector.CollectorTask - -----------------------------------
2017-07-29 11:17:35,319 INFO  c.c.d.collector.CollectorTask - server1
2017-07-29 11:17:35,319 INFO  c.c.d.collector.CollectorTask - -----------------------------------
2017-07-29 11:17:35,321 INFO  c.c.d.collector.CollectorTask - Fetched jobs                     0s
2017-07-29 11:17:35,322 INFO  c.c.d.collector.CollectorTask - New jobs                0        0s
2017-07-29 11:17:35,322 INFO  c.c.d.collector.CollectorTask - New builds              0        0s
2017-07-29 11:17:35,322 INFO  c.c.d.collector.CollectorTask - Finished                         0s
2017-07-29 11:17:35,329 INFO  c.c.d.collector.CollectorTask - -----------------------------------
2017-07-29 11:17:35,330 INFO  c.c.d.collector.CollectorTask - server1
2017-07-29 11:17:35,330 INFO  c.c.d.collector.CollectorTask - -----------------------------------
2017-07-29 11:17:35,330 INFO  c.c.d.collector.CollectorTask - Fetched jobs                     0s
2017-07-29 11:17:35,330 INFO  c.c.d.collector.CollectorTask - New jobs                1        0s
2017-07-29 11:17:35,331 INFO  c.c.d.collector.CollectorTask - New builds              0        0s
2017-07-29 11:17:35,331 INFO  c.c.d.collector.CollectorTask - Finished                         0s
2017-07-29 11:17:35,345 INFO  c.c.d.collector.CollectorTask - -----------------------------------
2017-07-29 11:17:35,346 INFO  c.c.d.collector.CollectorTask - server1
2017-07-29 11:17:35,346 INFO  c.c.d.collector.CollectorTask - -----------------------------------
2017-07-29 11:17:35,346 INFO  c.c.d.collector.CollectorTask - Fetched jobs                     0s
2017-07-29 11:17:35,347 INFO  c.c.d.collector.CollectorTask - New jobs                0        0s
2017-07-29 11:17:35,348 INFO  c.c.d.collector.CollectorTask - New builds              0        0s
2017-07-29 11:17:35,348 INFO  c.c.d.collector.CollectorTask - Finished                         0s
2017-07-29 11:17:35,354 INFO  c.c.d.collector.CollectorTask - -----------------------------------
2017-07-29 11:17:35,355 INFO  c.c.d.collector.CollectorTask - server1
2017-07-29 11:17:35,355 INFO  c.c.d.collector.CollectorTask - -----------------------------------
2017-07-29 11:17:35,359 INFO  c.c.d.collector.CollectorTask - Fetched jobs                     0s
2017-07-29 11:17:35,360 INFO  c.c.d.collector.CollectorTask - New jobs                1        0s
2017-07-29 11:17:35,364 INFO  c.c.d.collector.CollectorTask - New builds              0        0s
2017-07-29 11:17:35,365 INFO  c.c.d.collector.CollectorTask - Finished                         0s
2017-07-29 11:17:35,367 INFO  c.c.d.collector.CollectorTask - -----------------------------------
2017-07-29 11:17:35,367 INFO  c.c.d.collector.CollectorTask - server1
2017-07-29 11:17:35,367 INFO  c.c.d.collector.CollectorTask - -----------------------------------
2017-07-29 11:17:35,367 INFO  c.c.d.collector.CollectorTask - Fetched jobs                     0s
2017-07-29 11:17:35,369 INFO  c.c.d.collector.CollectorTask - New jobs                2        0s
2017-07-29 11:17:35,377 INFO  c.c.d.collector.CollectorTask - New builds              0        0s
2017-07-29 11:17:35,377 INFO  c.c.d.collector.CollectorTask - Finished                         0s
2017-07-29 11:17:35,379 INFO  c.c.d.collector.CollectorTask - -----------------------------------
2017-07-29 11:17:35,380 INFO  c.c.d.collector.CollectorTask - server1
2017-07-29 11:17:35,380 INFO  c.c.d.collector.CollectorTask - -----------------------------------
2017-07-29 11:17:35,381 INFO  c.c.d.collector.CollectorTask - Fetched jobs                     0s
2017-07-29 11:17:35,382 INFO  c.c.d.collector.CollectorTask - New jobs                1        0s
2017-07-29 11:17:35,383 INFO  c.c.d.collector.CollectorTask - New builds              0        0s
2017-07-29 11:17:35,384 INFO  c.c.d.collector.CollectorTask - Finished                         0s
2017-07-29 11:17:35,389 INFO  c.c.d.collector.CollectorTask - -----------------------------------
2017-07-29 11:17:35,389 INFO  c.c.d.collector.CollectorTask - server1
2017-07-29 11:17:35,389 INFO  c.c.d.collector.CollectorTask - -----------------------------------
2017-07-29 11:17:35,389 INFO  c.c.d.collector.CollectorTask - Fetched jobs                     0s
2017-07-29 11:17:35,390 INFO  c.c.d.collector.CollectorTask - New jobs                1        0s
2017-07-29 11:17:35,390 INFO  c.c.d.collector.CollectorTask - New builds              1        0s
2017-07-29 11:17:35,390 INFO  c.c.d.collector.CollectorTask - Finished                         0s
2017-07-29 11:17:35,398 INFO  c.c.d.collector.CollectorTask - -----------------------------------
2017-07-29 11:17:35,399 INFO  c.c.d.collector.CollectorTask - server1
2017-07-29 11:17:35,399 INFO  c.c.d.collector.CollectorTask - -----------------------------------
2017-07-29 11:17:35,399 INFO  c.c.d.collector.CollectorTask - Fetched jobs                     0s
2017-07-29 11:17:35,399 INFO  c.c.d.collector.CollectorTask - New jobs                0        0s
2017-07-29 11:17:35,400 INFO  c.c.d.collector.CollectorTask - New builds              0        0s
2017-07-29 11:17:35,400 INFO  c.c.d.collector.CollectorTask - Finished                         0s
2017-07-29 18:00:33,154 ERROR c.c.d.collector.DefaultHudsonClient - Parsing jobs on instance: http://server/job/job2/2/
org.json.simple.parser.ParseException: null
	at org.json.simple.parser.JSONParser.parse(JSONParser.java:257) ~[json-simple-1.1.1.jar:na]
	at org.json.simple.parser.JSONParser.parse(JSONParser.java:81) ~[json-simple-1.1.1.jar:na]
	at org.json.simple.parser.JSONParser.parse(JSONParser.java:75) ~[json-simple-1.1.1.jar:na]
	at com.capitalone.dashboard.collector.DefaultHudsonClient.getInstanceJobs(DefaultHudsonClient.java:103) ~[classes/:na]
	at com.capitalone.dashboard.collector.DefaultHudsonClientTests.instanceJobs_emptyResponse_returnsEmptyMap(DefaultHudsonClientTests.java:178) [test-classes/:na]
	at sun.reflect.NativeMethodAccessorImpl.invoke0(Native Method) ~[na:1.8.0_131]
	at sun.reflect.NativeMethodAccessorImpl.invoke(NativeMethodAccessorImpl.java:62) ~[na:1.8.0_131]
	at sun.reflect.DelegatingMethodAccessorImpl.invoke(DelegatingMethodAccessorImpl.java:43) ~[na:1.8.0_131]
	at java.lang.reflect.Method.invoke(Method.java:498) ~[na:1.8.0_131]
	at org.junit.runners.model.FrameworkMethod$1.runReflectiveCall(FrameworkMethod.java:50) [junit-4.12.jar:4.12]
	at org.junit.internal.runners.model.ReflectiveCallable.run(ReflectiveCallable.java:12) [junit-4.12.jar:4.12]
	at org.junit.runners.model.FrameworkMethod.invokeExplosively(FrameworkMethod.java:47) [junit-4.12.jar:4.12]
	at org.junit.internal.runners.statements.InvokeMethod.evaluate(InvokeMethod.java:17) [junit-4.12.jar:4.12]
	at org.junit.internal.runners.statements.RunBefores.evaluate(RunBefores.java:26) [junit-4.12.jar:4.12]
	at org.junit.runners.ParentRunner.runLeaf(ParentRunner.java:325) [junit-4.12.jar:4.12]
	at org.junit.runners.BlockJUnit4ClassRunner.runChild(BlockJUnit4ClassRunner.java:78) [junit-4.12.jar:4.12]
	at org.junit.runners.BlockJUnit4ClassRunner.runChild(BlockJUnit4ClassRunner.java:57) [junit-4.12.jar:4.12]
	at org.junit.runners.ParentRunner$3.run(ParentRunner.java:290) [junit-4.12.jar:4.12]
	at org.junit.runners.ParentRunner$1.schedule(ParentRunner.java:71) [junit-4.12.jar:4.12]
	at org.junit.runners.ParentRunner.runChildren(ParentRunner.java:288) [junit-4.12.jar:4.12]
	at org.junit.runners.ParentRunner.access$000(ParentRunner.java:58) [junit-4.12.jar:4.12]
	at org.junit.runners.ParentRunner$2.evaluate(ParentRunner.java:268) [junit-4.12.jar:4.12]
	at org.junit.runners.ParentRunner.run(ParentRunner.java:363) [junit-4.12.jar:4.12]
	at org.mockito.internal.runners.JUnit45AndHigherRunnerImpl.run(JUnit45AndHigherRunnerImpl.java:37) [mockito-core-1.10.19.jar:na]
	at org.mockito.runners.MockitoJUnitRunner.run(MockitoJUnitRunner.java:62) [mockito-core-1.10.19.jar:na]
	at org.apache.maven.surefire.junit4.JUnit4Provider.execute(JUnit4Provider.java:264) [surefire-junit4-2.17.jar:2.17]
	at org.apache.maven.surefire.junit4.JUnit4Provider.executeTestSet(JUnit4Provider.java:153) [surefire-junit4-2.17.jar:2.17]
	at org.apache.maven.surefire.junit4.JUnit4Provider.invoke(JUnit4Provider.java:124) [surefire-junit4-2.17.jar:2.17]
	at org.apache.maven.surefire.booter.ForkedBooter.invokeProviderInSameClassLoader(ForkedBooter.java:200) [surefire-booter-2.17.jar:2.17]
	at org.apache.maven.surefire.booter.ForkedBooter.runSuitesInProcess(ForkedBooter.java:153) [surefire-booter-2.17.jar:2.17]
	at org.apache.maven.surefire.booter.ForkedBooter.main(ForkedBooter.java:103) [surefire-booter-2.17.jar:2.17]
2017-07-29 18:00:33,457 INFO  c.c.d.collector.CollectorTask - -----------------------------------
2017-07-29 18:00:33,458 INFO  c.c.d.collector.CollectorTask - server1
2017-07-29 18:00:33,459 INFO  c.c.d.collector.CollectorTask - -----------------------------------
2017-07-29 18:00:33,461 INFO  c.c.d.collector.CollectorTask - Fetched jobs                     0s
2017-07-29 18:00:33,464 INFO  c.c.d.collector.CollectorTask - New jobs                0        0s
2017-07-29 18:00:33,465 INFO  c.c.d.collector.CollectorTask - New builds              0        0s
2017-07-29 18:00:33,468 INFO  c.c.d.collector.CollectorTask - Finished                         0s
2017-07-29 18:00:33,472 INFO  c.c.d.collector.CollectorTask - -----------------------------------
2017-07-29 18:00:33,473 INFO  c.c.d.collector.CollectorTask - server1
2017-07-29 18:00:33,473 INFO  c.c.d.collector.CollectorTask - -----------------------------------
2017-07-29 18:00:33,474 INFO  c.c.d.collector.CollectorTask - Fetched jobs                     0s
2017-07-29 18:00:33,475 INFO  c.c.d.collector.CollectorTask - New jobs                1        0s
2017-07-29 18:00:33,475 INFO  c.c.d.collector.CollectorTask - New builds              0        0s
2017-07-29 18:00:33,476 INFO  c.c.d.collector.CollectorTask - Finished                         0s
2017-07-29 18:00:33,490 INFO  c.c.d.collector.CollectorTask - -----------------------------------
2017-07-29 18:00:33,490 INFO  c.c.d.collector.CollectorTask - server1
2017-07-29 18:00:33,490 INFO  c.c.d.collector.CollectorTask - -----------------------------------
2017-07-29 18:00:33,491 INFO  c.c.d.collector.CollectorTask - Fetched jobs                     0s
2017-07-29 18:00:33,492 INFO  c.c.d.collector.CollectorTask - New jobs                0        0s
2017-07-29 18:00:33,496 INFO  c.c.d.collector.CollectorTask - New builds              0        0s
2017-07-29 18:00:33,497 INFO  c.c.d.collector.CollectorTask - Finished                         0s
2017-07-29 18:00:33,505 INFO  c.c.d.collector.CollectorTask - -----------------------------------
2017-07-29 18:00:33,506 INFO  c.c.d.collector.CollectorTask - server1
2017-07-29 18:00:33,506 INFO  c.c.d.collector.CollectorTask - -----------------------------------
2017-07-29 18:00:33,507 INFO  c.c.d.collector.CollectorTask - Fetched jobs                     0s
2017-07-29 18:00:33,507 INFO  c.c.d.collector.CollectorTask - New jobs                1        0s
2017-07-29 18:00:33,507 INFO  c.c.d.collector.CollectorTask - New builds              0        0s
2017-07-29 18:00:33,508 INFO  c.c.d.collector.CollectorTask - Finished                         0s
2017-07-29 18:00:33,513 INFO  c.c.d.collector.CollectorTask - -----------------------------------
2017-07-29 18:00:33,516 INFO  c.c.d.collector.CollectorTask - server1
2017-07-29 18:00:33,517 INFO  c.c.d.collector.CollectorTask - -----------------------------------
2017-07-29 18:00:33,522 INFO  c.c.d.collector.CollectorTask - Fetched jobs                     0s
2017-07-29 18:00:33,523 INFO  c.c.d.collector.CollectorTask - New jobs                2        0s
2017-07-29 18:00:33,523 INFO  c.c.d.collector.CollectorTask - New builds              0        0s
2017-07-29 18:00:33,524 INFO  c.c.d.collector.CollectorTask - Finished                         0s
2017-07-29 18:00:33,530 INFO  c.c.d.collector.CollectorTask - -----------------------------------
2017-07-29 18:00:33,531 INFO  c.c.d.collector.CollectorTask - server1
2017-07-29 18:00:33,531 INFO  c.c.d.collector.CollectorTask - -----------------------------------
2017-07-29 18:00:33,532 INFO  c.c.d.collector.CollectorTask - Fetched jobs                     0s
2017-07-29 18:00:33,533 INFO  c.c.d.collector.CollectorTask - New jobs                1        0s
2017-07-29 18:00:33,533 INFO  c.c.d.collector.CollectorTask - New builds              0        0s
2017-07-29 18:00:33,535 INFO  c.c.d.collector.CollectorTask - Finished                         0s
2017-07-29 18:00:33,542 INFO  c.c.d.collector.CollectorTask - -----------------------------------
2017-07-29 18:00:33,543 INFO  c.c.d.collector.CollectorTask - server1
2017-07-29 18:00:33,543 INFO  c.c.d.collector.CollectorTask - -----------------------------------
2017-07-29 18:00:33,543 INFO  c.c.d.collector.CollectorTask - Fetched jobs                     0s
2017-07-29 18:00:33,544 INFO  c.c.d.collector.CollectorTask - New jobs                1        0s
2017-07-29 18:00:33,544 INFO  c.c.d.collector.CollectorTask - New builds              1        0s
2017-07-29 18:00:33,549 INFO  c.c.d.collector.CollectorTask - Finished                         0s
2017-07-29 18:00:33,551 INFO  c.c.d.collector.CollectorTask - -----------------------------------
2017-07-29 18:00:33,551 INFO  c.c.d.collector.CollectorTask - server1
2017-07-29 18:00:33,552 INFO  c.c.d.collector.CollectorTask - -----------------------------------
2017-07-29 18:00:33,552 INFO  c.c.d.collector.CollectorTask - Fetched jobs                     0s
2017-07-29 18:00:33,552 INFO  c.c.d.collector.CollectorTask - New jobs                0        0s
2017-07-29 18:00:33,553 INFO  c.c.d.collector.CollectorTask - New builds              0        0s
2017-07-29 18:00:33,553 INFO  c.c.d.collector.CollectorTask - Finished                         0s
